This is pdfTeX, Version 3.14159265-2.6-1.40.20 (TeX Live 2019) (preloaded format=pdflatex 2019.5.8)  5 MAY 2022 13:24
entering extended mode
 restricted \write18 enabled.
 %&-line parsing enabled.
**akhil.tex
(./akhil.tex
LaTeX2e <2018-12-01>
(/usr/local/texlive/2019/texmf-dist/tex/latex/base/article.cls
Document Class: article 2018/09/03 v1.4i Standard LaTeX document class
(/usr/local/texlive/2019/texmf-dist/tex/latex/base/size10.clo
File: size10.clo 2018/09/03 v1.4i Standard LaTeX file (size option)
)
\c@part=\count80
\c@section=\count81
\c@subsection=\count82
\c@subsubsection=\count83
\c@paragraph=\count84
\c@subparagraph=\count85
\c@figure=\count86
\c@table=\count87
\abovecaptionskip=\skip41
\belowcaptionskip=\skip42
\bibindent=\dimen102
)
(/usr/local/texlive/2019/texmf-dist/tex/latex/geometry/geometry.sty
Package: geometry 2018/04/16 v5.8 Page Geometry

(/usr/local/texlive/2019/texmf-dist/tex/latex/graphics/keyval.sty
Package: keyval 2014/10/28 v1.15 key=value parser (DPC)
\KV@toks@=\toks14
)
(/usr/local/texlive/2019/texmf-dist/tex/generic/oberdiek/ifpdf.sty
Package: ifpdf 2018/09/07 v3.3 Provides the ifpdf switch
)
(/usr/local/texlive/2019/texmf-dist/tex/generic/oberdiek/ifvtex.sty
Package: ifvtex 2016/05/16 v1.6 Detect VTeX and its facilities (HO)
Package ifvtex Info: VTeX not detected.
)
(/usr/local/texlive/2019/texmf-dist/tex/generic/ifxetex/ifxetex.sty
Package: ifxetex 2010/09/12 v0.6 Provides ifxetex conditional
)
\Gm@cnth=\count88
\Gm@cntv=\count89
\c@Gm@tempcnt=\count90
\Gm@bindingoffset=\dimen103
\Gm@wd@mp=\dimen104
\Gm@odd@mp=\dimen105
\Gm@even@mp=\dimen106
\Gm@layoutwidth=\dimen107
\Gm@layoutheight=\dimen108
\Gm@layouthoffset=\dimen109
\Gm@layoutvoffset=\dimen110
\Gm@dimlist=\toks15
)
(/usr/local/texlive/2019/texmf-dist/tex/latex/graphics/color.sty
Package: color 2016/07/10 v1.1e Standard LaTeX Color (DPC)

(/usr/local/texlive/2019/texmf-dist/tex/latex/graphics-cfg/color.cfg
File: color.cfg 2016/01/02 v1.6 sample color configuration
)
Package color Info: Driver file: pdftex.def on input line 147.

(/usr/local/texlive/2019/texmf-dist/tex/latex/graphics-def/pdftex.def
File: pdftex.def 2018/01/08 v1.0l Graphics/color driver for pdftex
))
(/usr/local/texlive/2019/texmf-dist/tex/latex/multirow/multirow.sty
Package: multirow 2019/01/01 v2.4 Span multiple rows of a table
\multirow@colwidth=\skip43
\multirow@cntb=\count91
\multirow@dima=\skip44
\bigstrutjot=\dimen111
)
(/usr/local/texlive/2019/texmf-dist/tex/latex/xcolor/xcolor.sty
Package: xcolor 2016/05/11 v2.12 LaTeX color extensions (UK)

(/usr/local/texlive/2019/texmf-dist/tex/latex/graphics-cfg/color.cfg
File: color.cfg 2016/01/02 v1.6 sample color configuration
)
Package xcolor Info: Driver file: pdftex.def on input line 225.

(/usr/local/texlive/2019/texmf-dist/tex/latex/colortbl/colortbl.sty
Package: colortbl 2018/12/12 v1.0d Color table columns (DPC)

(/usr/local/texlive/2019/texmf-dist/tex/latex/tools/array.sty
Package: array 2018/12/30 v2.4k Tabular extension package (FMi)
\col@sep=\dimen112
\ar@mcellbox=\box27
\extrarowheight=\dimen113
\NC@list=\toks16
\extratabsurround=\skip45
\backup@length=\skip46
\ar@cellbox=\box28
)
\everycr=\toks17
\minrowclearance=\skip47
)
LaTeX Info: Redefining \color on input line 709.
\rownum=\count92
Package xcolor Info: Model `cmy' substituted by `cmy0' on input line 1348.
Package xcolor Info: Model `hsb' substituted by `rgb' on input line 1352.
Package xcolor Info: Model `RGB' extended on input line 1364.
Package xcolor Info: Model `HTML' substituted by `rgb' on input line 1366.
Package xcolor Info: Model `Hsb' substituted by `hsb' on input line 1367.
Package xcolor Info: Model `tHsb' substituted by `hsb' on input line 1368.
Package xcolor Info: Model `HSB' substituted by `hsb' on input line 1369.
Package xcolor Info: Model `Gray' substituted by `gray' on input line 1370.
Package xcolor Info: Model `wave' substituted by `hsb' on input line 1371.
) (./akhil.aux)
\openout1 = `akhil.aux'.

LaTeX Font Info:    Checking defaults for OML/cmm/m/it on input line 7.
LaTeX Font Info:    ... okay on input line 7.
LaTeX Font Info:    Checking defaults for T1/cmr/m/n on input line 7.
LaTeX Font Info:    ... okay on input line 7.
LaTeX Font Info:    Checking defaults for OT1/cmr/m/n on input line 7.
LaTeX Font Info:    ... okay on input line 7.
LaTeX Font Info:    Checking defaults for OMS/cmsy/m/n on input line 7.
LaTeX Font Info:    ... okay on input line 7.
LaTeX Font Info:    Checking defaults for OMX/cmex/m/n on input line 7.
LaTeX Font Info:    ... okay on input line 7.
LaTeX Font Info:    Checking defaults for U/cmr/m/n on input line 7.
LaTeX Font Info:    ... okay on input line 7.

*geometry* driver: auto-detecting
*geometry* detected driver: pdftex
*geometry* verbose mode - [ preamble ] result:
* driver: pdftex
* paper: <default>
* layout: <same size as paper>
* layoutoffset:(h,v)=(0.0pt,0.0pt)
* modes: 
* h-part:(L,W,R)=(72.26999pt, 469.75502pt, 72.26999pt)
* v-part:(T,H,B)=(72.26999pt, 650.43001pt, 72.26999pt)
* \paperwidth=614.295pt
* \paperheight=794.96999pt
* \textwidth=469.75502pt
* \textheight=650.43001pt
* \oddsidemargin=0.0pt
* \evensidemargin=0.0pt
* \topmargin=-37.0pt
* \headheight=12.0pt
* \headsep=25.0pt
* \topskip=10.0pt
* \footskip=30.0pt
* \marginparwidth=65.0pt
* \marginparsep=11.0pt
* \columnsep=10.0pt
* \skip\footins=9.0pt plus 4.0pt minus 2.0pt
* \hoffset=0.0pt
* \voffset=0.0pt
* \mag=1000
* \@twocolumnfalse
* \@twosidefalse
* \@mparswitchfalse
* \@reversemarginfalse
* (1in=72.27pt=25.4mm, 1cm=28.453pt)

(/usr/local/texlive/2019/texmf-dist/tex/context/base/mkii/supp-pdf.mkii
[Loading MPS to PDF converter (version 2006.09.02).]
\scratchcounter=\count93
\scratchdimen=\dimen114
\scratchbox=\box29
\nofMPsegments=\count94
\nofMParguments=\count95
\everyMPshowfont=\toks18
\MPscratchCnt=\count96
\MPscratchDim=\dimen115
\MPnumerator=\count97
\makeMPintoPDFobject=\count98
\everyMPtoPDFconversion=\toks19
)
LaTeX Font Info:    External font `cmex10' loaded for size
(Font)              <12> on input line 10.
LaTeX Font Info:    External font `cmex10' loaded for size
(Font)              <8> on input line 10.
LaTeX Font Info:    External font `cmex10' loaded for size
(Font)              <6> on input line 10.
LaTeX Font Info:    Try loading font information for OMS+cmr on input line 21.
 (/usr/local/texlive/2019/texmf-dist/tex/latex/base/omscmr.fd
File: omscmr.fd 2014/09/29 v2.5h Standard LaTeX font definitions
)
LaTeX Font Info:    Font shape `OMS/cmr/m/n' in size <9> not available
(Font)              Font shape `OMS/cmsy/m/n' tried instead on input line 21.
LaTeX Font Info:    External font `cmex10' loaded for size
(Font)              <9> on input line 37.
LaTeX Font Info:    External font `cmex10' loaded for size
(Font)              <5> on input line 37.
 [1

{/usr/local/texlive/2019/texmf-var/fonts/map/pdftex/updmap/pdftex.map}] [2] [3]

Underfull \hbox (badness 10000) in paragraph at lines 184--186

 []


Overfull \hbox (4.31905pt too wide) in paragraph at lines 196--196
[]|\OT1/cmr/m/n/9 Method| 
 []


Underfull \hbox (badness 10000) in paragraph at lines 196--196
[]|\OT1/cmr/m/n/9 Number
 []


Underfull \hbox (badness 3942) in paragraph at lines 196--196
\OT1/cmr/m/n/9 of Non-
 []


Overfull \hbox (1.95117pt too wide) in paragraph at lines 196--196
\OT1/cmr/m/n/9 Singleton
 []


Underfull \hbox (badness 10000) in paragraph at lines 196--196
[]|\OT1/cmr/m/n/9 Number
 []


Underfull \hbox (badness 10000) in paragraph at lines 196--196
\OT1/cmr/m/n/9 of Sin-
 []


Underfull \hbox (badness 10000) in paragraph at lines 196--196
\OT1/cmr/m/n/9 gle-ton
 []


Overfull \hbox (4.91068pt too wide) in paragraph at lines 196--196
[]|\OT1/cmr/m/n/9 Minimum
 []


Underfull \hbox (badness 10000) in paragraph at lines 196--196
\OT1/cmr/m/n/9 Clus-ter
 []


Underfull \hbox (badness 10000) in paragraph at lines 196--196
[]|\OT1/cmr/m/n/9 Median
 []


Underfull \hbox (badness 10000) in paragraph at lines 196--196
\OT1/cmr/m/n/9 Clus-ter
 []


Overfull \hbox (6.70927pt too wide) in paragraph at lines 196--196
[]|\OT1/cmr/m/n/9 Maximum
 []


Underfull \hbox (badness 10000) in paragraph at lines 196--196
\OT1/cmr/m/n/9 Clus-ter
 []


Underfull \hbox (badness 10000) in paragraph at lines 196--196
[]|\OT1/cmr/m/n/9 Node
 []


Underfull \hbox (badness 10000) in paragraph at lines 196--196
\OT1/cmr/m/n/9 Cov-
 []


Underfull \hbox (badness 10000) in paragraph at lines 196--196
\OT1/cmr/m/n/9 er-age
 []


Underfull \hbox (badness 10000) in paragraph at lines 196--196
[]|\OT1/cmr/m/n/9 Edge
 []


Underfull \hbox (badness 10000) in paragraph at lines 196--196
\OT1/cmr/m/n/9 Cov-
 []


Underfull \hbox (badness 10000) in paragraph at lines 196--196
\OT1/cmr/m/n/9 er-age
 []


Underfull \hbox (badness 10000) in paragraph at lines 196--196
[]|\OT1/cmr/m/n/9 Marker
 []


Underfull \hbox (badness 10000) in paragraph at lines 196--196
\OT1/cmr/m/n/9 Node
 []


Underfull \hbox (badness 10000) in paragraph at lines 196--196
\OT1/cmr/m/n/9 Cov-
 []


Underfull \hbox (badness 10000) in paragraph at lines 196--196
\OT1/cmr/m/n/9 er-age
 []


Underfull \hbox (badness 10000) in paragraph at lines 196--196
[]|\OT1/cmr/m/n/9 Marker
 []


Underfull \hbox (badness 10000) in paragraph at lines 196--196
\OT1/cmr/m/n/9 Edge
 []


Underfull \hbox (badness 10000) in paragraph at lines 196--196
\OT1/cmr/m/n/9 Cov-
 []


Underfull \hbox (badness 10000) in paragraph at lines 196--196
\OT1/cmr/m/n/9 er-age
 []


Overfull \hbox (4.4996pt too wide) in paragraph at lines 196--197
[]|\OT1/cmr/m/n/9 Elapsed
 []


Underfull \hbox (badness 10000) in paragraph at lines 196--197
\OT1/cmr/m/n/9 Time
 []


Overfull \hbox (1.79895pt too wide) in paragraph at lines 196--197
\OT1/cmr/m/n/9 (min:s)| 
 []


Underfull \hbox (badness 10000) in paragraph at lines 198--198
[]|\OT1/cmr/m/n/9 IKC
 []


Overfull \hbox (1.49062pt too wide) in paragraph at lines 198--198
\OT1/cmr/m/n/9 (k=10)| 
 []


Overfull \hbox (1.43382pt too wide) in paragraph at lines 198--198
[]|\OT1/cmr/m/n/9 13454271| 
 []


Underfull \hbox (badness 10000) in paragraph at lines 199--199
[]|\OT1/cmr/m/n/9 IKC
 []


Overfull \hbox (1.49062pt too wide) in paragraph at lines 199--199
\OT1/cmr/m/n/9 (k=20)| 
 []


Overfull \hbox (1.43382pt too wide) in paragraph at lines 199--199
[]|\OT1/cmr/m/n/9 13713538| 
 []


Underfull \hbox (badness 10000) in paragraph at lines 200--200
[]|\OT1/cmr/m/n/9 IKC
 []


Overfull \hbox (1.49062pt too wide) in paragraph at lines 200--200
\OT1/cmr/m/n/9 (k=30)| 
 []


Overfull \hbox (1.43382pt too wide) in paragraph at lines 200--200
[]|\OT1/cmr/m/n/9 13901091| 
 []


Underfull \hbox (badness 10000) in paragraph at lines 201--201
[]|\OT1/cmr/m/n/9 IKC
 []


Overfull \hbox (1.49062pt too wide) in paragraph at lines 201--201
\OT1/cmr/m/n/9 (k=40)| 
 []


Overfull \hbox (1.43382pt too wide) in paragraph at lines 201--201
[]|\OT1/cmr/m/n/9 13952702| 
 []


Underfull \hbox (badness 10000) in paragraph at lines 202--202
[]|\OT1/cmr/m/n/9 IKC
 []


Overfull \hbox (1.49062pt too wide) in paragraph at lines 202--202
\OT1/cmr/m/n/9 (k=50)| 
 []


Overfull \hbox (7.03355pt too wide) in paragraph at lines 202--202
[]|\OT1/cmr/bx/n/9 13987432| 
 []


Overfull \hbox (48.93019pt too wide) in paragraph at lines 192--207
 [][] 
 []

LaTeX Font Info:    External font `cmex10' loaded for size
(Font)              <7> on input line 207.

Overfull \hbox (4.31905pt too wide) in paragraph at lines 218--218
[]|\OT1/cmr/m/n/9 Method| 
 []


Underfull \hbox (badness 10000) in paragraph at lines 218--218
[]|\OT1/cmr/m/n/9 Number
 []


Underfull \hbox (badness 3942) in paragraph at lines 218--218
\OT1/cmr/m/n/9 of Non-
 []


Overfull \hbox (1.95117pt too wide) in paragraph at lines 218--218
\OT1/cmr/m/n/9 Singleton
 []


Underfull \hbox (badness 10000) in paragraph at lines 218--218
[]|\OT1/cmr/m/n/9 Number
 []


Underfull \hbox (badness 10000) in paragraph at lines 218--218
\OT1/cmr/m/n/9 of Sin-
 []


Underfull \hbox (badness 10000) in paragraph at lines 218--218
\OT1/cmr/m/n/9 gle-ton
 []


Overfull \hbox (4.91068pt too wide) in paragraph at lines 218--218
[]|\OT1/cmr/m/n/9 Minimum
 []


Underfull \hbox (badness 10000) in paragraph at lines 218--218
\OT1/cmr/m/n/9 Clus-ter
 []


Underfull \hbox (badness 10000) in paragraph at lines 218--218
[]|\OT1/cmr/m/n/9 Median
 []


Underfull \hbox (badness 10000) in paragraph at lines 218--218
\OT1/cmr/m/n/9 Clus-ter
 []


Overfull \hbox (6.70927pt too wide) in paragraph at lines 218--218
[]|\OT1/cmr/m/n/9 Maximum
 []


Underfull \hbox (badness 10000) in paragraph at lines 218--218
\OT1/cmr/m/n/9 Clus-ter
 []


Underfull \hbox (badness 10000) in paragraph at lines 218--218
[]|\OT1/cmr/m/n/9 Node
 []


Underfull \hbox (badness 10000) in paragraph at lines 218--218
\OT1/cmr/m/n/9 Cov-
 []


Underfull \hbox (badness 10000) in paragraph at lines 218--218
\OT1/cmr/m/n/9 er-age
 []


Underfull \hbox (badness 10000) in paragraph at lines 218--218
[]|\OT1/cmr/m/n/9 Edge
 []


Underfull \hbox (badness 10000) in paragraph at lines 218--218
\OT1/cmr/m/n/9 Cov-
 []


Underfull \hbox (badness 10000) in paragraph at lines 218--218
\OT1/cmr/m/n/9 er-age
 []


Underfull \hbox (badness 10000) in paragraph at lines 218--218
[]|\OT1/cmr/m/n/9 Marker
 []


Underfull \hbox (badness 10000) in paragraph at lines 218--218
\OT1/cmr/m/n/9 Node
 []


Underfull \hbox (badness 10000) in paragraph at lines 218--218
\OT1/cmr/m/n/9 Cov-
 []


Underfull \hbox (badness 10000) in paragraph at lines 218--218
\OT1/cmr/m/n/9 er-age
 []


Underfull \hbox (badness 10000) in paragraph at lines 218--218
[]|\OT1/cmr/m/n/9 Marker
 []


Underfull \hbox (badness 10000) in paragraph at lines 218--218
\OT1/cmr/m/n/9 Edge
 []


Underfull \hbox (badness 10000) in paragraph at lines 218--218
\OT1/cmr/m/n/9 Cov-
 []


Underfull \hbox (badness 10000) in paragraph at lines 218--218
\OT1/cmr/m/n/9 er-age
 []


Overfull \hbox (4.4996pt too wide) in paragraph at lines 218--219
[]|\OT1/cmr/m/n/9 Elapsed
 []


Underfull \hbox (badness 10000) in paragraph at lines 218--219
\OT1/cmr/m/n/9 Time
 []


Underfull \hbox (badness 10000) in paragraph at lines 220--220
[]|\OT1/cmr/m/n/9 IKC
 []


Overfull \hbox (1.49062pt too wide) in paragraph at lines 220--220
\OT1/cmr/m/n/9 (k=10)
 []


Underfull \hbox (badness 10000) in paragraph at lines 220--220
\OT1/cmr/m/n/9 w/
 []


Overfull \hbox (1.43382pt too wide) in paragraph at lines 220--220
[]|\OT1/cmr/m/n/9 13446836| 
 []


Underfull \hbox (badness 10000) in paragraph at lines 221--221
[]|\OT1/cmr/m/n/9 IKC
 []


Overfull \hbox (1.49062pt too wide) in paragraph at lines 221--221
\OT1/cmr/m/n/9 (k=20)
 []


Underfull \hbox (badness 10000) in paragraph at lines 221--221
\OT1/cmr/m/n/9 w/
 []


Overfull \hbox (1.43382pt too wide) in paragraph at lines 221--221
[]|\OT1/cmr/m/n/9 13702335| 
 []


Underfull \hbox (badness 10000) in paragraph at lines 222--222
[]|\OT1/cmr/m/n/9 IKC
 []


Overfull \hbox (1.49062pt too wide) in paragraph at lines 222--222
\OT1/cmr/m/n/9 (k=30)
 []


Underfull \hbox (badness 10000) in paragraph at lines 222--222
\OT1/cmr/m/n/9 w/
 []


Overfull \hbox (1.43382pt too wide) in paragraph at lines 222--222
[]|\OT1/cmr/m/n/9 13894563| 
 []


Underfull \hbox (badness 10000) in paragraph at lines 223--223
[]|\OT1/cmr/m/n/9 IKC
 []


Overfull \hbox (1.49062pt too wide) in paragraph at lines 223--223
\OT1/cmr/m/n/9 (k=40)
 []


Underfull \hbox (badness 10000) in paragraph at lines 223--223
\OT1/cmr/m/n/9 w/
 []


Overfull \hbox (1.43382pt too wide) in paragraph at lines 223--223
[]|\OT1/cmr/m/n/9 13951394| 
 []


Underfull \hbox (badness 10000) in paragraph at lines 224--224
[]|\OT1/cmr/m/n/9 IKC
 []


Overfull \hbox (1.49062pt too wide) in paragraph at lines 224--224
\OT1/cmr/m/n/9 (k=50)
 []


Underfull \hbox (badness 10000) in paragraph at lines 224--224
\OT1/cmr/m/n/9 w/
 []


Overfull \hbox (7.03355pt too wide) in paragraph at lines 224--224
[]|\OT1/cmr/bx/n/9 13987362| 
 []


Overfull \hbox (48.93019pt too wide) in paragraph at lines 214--228
 [][] 
 []


LaTeX Warning: `!h' float specifier changed to `!ht'.


Overfull \hbox (4.31905pt too wide) in paragraph at lines 240--240
[]|\OT1/cmr/m/n/9 Method| 
 []


Underfull \hbox (badness 10000) in paragraph at lines 240--240
[]|\OT1/cmr/m/n/9 Number
 []


Underfull \hbox (badness 3942) in paragraph at lines 240--240
\OT1/cmr/m/n/9 of Non-
 []


Overfull \hbox (1.95117pt too wide) in paragraph at lines 240--240
\OT1/cmr/m/n/9 Singleton
 []


Underfull \hbox (badness 10000) in paragraph at lines 240--240
[]|\OT1/cmr/m/n/9 Number
 []


Underfull \hbox (badness 10000) in paragraph at lines 240--240
\OT1/cmr/m/n/9 of Sin-
 []


Underfull \hbox (badness 10000) in paragraph at lines 240--240
\OT1/cmr/m/n/9 gle-ton
 []


Overfull \hbox (4.91068pt too wide) in paragraph at lines 240--240
[]|\OT1/cmr/m/n/9 Minimum
 []


Underfull \hbox (badness 10000) in paragraph at lines 240--240
\OT1/cmr/m/n/9 Clus-ter
 []


Underfull \hbox (badness 10000) in paragraph at lines 240--240
[]|\OT1/cmr/m/n/9 Median
 []


Underfull \hbox (badness 10000) in paragraph at lines 240--240
\OT1/cmr/m/n/9 Clus-ter
 []


Overfull \hbox (6.70927pt too wide) in paragraph at lines 240--240
[]|\OT1/cmr/m/n/9 Maximum
 []


Underfull \hbox (badness 10000) in paragraph at lines 240--240
\OT1/cmr/m/n/9 Clus-ter
 []


Underfull \hbox (badness 10000) in paragraph at lines 240--240
[]|\OT1/cmr/m/n/9 Node
 []


Underfull \hbox (badness 10000) in paragraph at lines 240--240
\OT1/cmr/m/n/9 Cov-
 []


Underfull \hbox (badness 10000) in paragraph at lines 240--240
\OT1/cmr/m/n/9 er-age
 []


Underfull \hbox (badness 10000) in paragraph at lines 240--240
[]|\OT1/cmr/m/n/9 Edge
 []


Underfull \hbox (badness 10000) in paragraph at lines 240--240
\OT1/cmr/m/n/9 Cov-
 []


Underfull \hbox (badness 10000) in paragraph at lines 240--240
\OT1/cmr/m/n/9 er-age
 []


Underfull \hbox (badness 10000) in paragraph at lines 240--240
[]|\OT1/cmr/m/n/9 Marker
 []


Underfull \hbox (badness 10000) in paragraph at lines 240--240
\OT1/cmr/m/n/9 Node
 []


Underfull \hbox (badness 10000) in paragraph at lines 240--240
\OT1/cmr/m/n/9 Cov-
 []


Underfull \hbox (badness 10000) in paragraph at lines 240--240
\OT1/cmr/m/n/9 er-age
 []


Underfull \hbox (badness 10000) in paragraph at lines 240--241
[]|\OT1/cmr/m/n/9 Marker
 []


Underfull \hbox (badness 10000) in paragraph at lines 240--241
\OT1/cmr/m/n/9 Edge
 []


Underfull \hbox (badness 10000) in paragraph at lines 240--241
\OT1/cmr/m/n/9 Cov-
 []


Underfull \hbox (badness 10000) in paragraph at lines 240--241
\OT1/cmr/m/n/9 er-age
 []


Underfull \hbox (badness 10000) in paragraph at lines 242--242
[]|\OT1/cmr/m/n/9 IKC
 []


Overfull \hbox (1.49062pt too wide) in paragraph at lines 242--242
\OT1/cmr/m/n/9 (k=20)
 []


Underfull \hbox (badness 10000) in paragraph at lines 242--242
\OT1/cmr/m/n/9 w/
 []


Underfull \hbox (badness 10000) in paragraph at lines 242--242
\OT1/cmr/m/n/9 Step
 []


Underfull \hbox (badness 10000) in paragraph at lines 242--242
\OT1/cmr/m/n/9 5 In-
 []


Underfull \hbox (badness 10000) in paragraph at lines 242--242
\OT1/cmr/m/n/9 degree
 []


Overfull \hbox (1.43382pt too wide) in paragraph at lines 242--242
[]|\OT1/cmr/m/n/9 13702262| 
 []


Underfull \hbox (badness 10000) in paragraph at lines 244--244
[]|\OT1/cmr/m/n/9 IKC
 []


Overfull \hbox (1.49062pt too wide) in paragraph at lines 244--244
\OT1/cmr/m/n/9 (k=40)
 []


Underfull \hbox (badness 10000) in paragraph at lines 244--244
\OT1/cmr/m/n/9 w/
 []


Underfull \hbox (badness 10000) in paragraph at lines 244--244
\OT1/cmr/m/n/9 Step
 []


Underfull \hbox (badness 10000) in paragraph at lines 244--244
\OT1/cmr/m/n/9 5 In-
 []


Underfull \hbox (badness 10000) in paragraph at lines 244--244
\OT1/cmr/m/n/9 degree
 []


Overfull \hbox (1.43382pt too wide) in paragraph at lines 244--244
[]|\OT1/cmr/m/n/9 13951603| 
 []


Underfull \hbox (badness 10000) in paragraph at lines 246--246
[]|\OT1/cmr/m/n/9 IKC
 []


Overfull \hbox (1.49062pt too wide) in paragraph at lines 246--246
\OT1/cmr/m/n/9 (k=20)
 []


Underfull \hbox (badness 10000) in paragraph at lines 246--246
\OT1/cmr/m/n/9 w/
 []


Underfull \hbox (badness 10000) in paragraph at lines 246--246
\OT1/cmr/m/n/9 Step
 []


Underfull \hbox (badness 10000) in paragraph at lines 246--246
\OT1/cmr/m/n/9 5 In-
 []


Underfull \hbox (badness 10000) in paragraph at lines 246--246
\OT1/cmr/m/n/9 degree
 []


Overfull \hbox (1.43382pt too wide) in paragraph at lines 246--246
[]|\OT1/cmr/m/n/9 13621558| 
 []


Underfull \hbox (badness 10000) in paragraph at lines 248--248
[]|\OT1/cmr/m/n/9 IKC
 []


Overfull \hbox (1.49062pt too wide) in paragraph at lines 248--248
\OT1/cmr/m/n/9 (k=40)
 []


Underfull \hbox (badness 10000) in paragraph at lines 248--248
\OT1/cmr/m/n/9 w/
 []


Underfull \hbox (badness 10000) in paragraph at lines 248--248
\OT1/cmr/m/n/9 Step
 []


Underfull \hbox (badness 10000) in paragraph at lines 248--248
\OT1/cmr/m/n/9 5 In-
 []


Underfull \hbox (badness 10000) in paragraph at lines 248--248
\OT1/cmr/m/n/9 degree
 []


Overfull \hbox (1.43382pt too wide) in paragraph at lines 248--248
[]|\OT1/cmr/m/n/9 13949455| 
 []


Overfull \hbox (7.10017pt too wide) in paragraph at lines 236--254
 [][] 
 []


LaTeX Warning: `!h' float specifier changed to `!ht'.


Overfull \hbox (4.31905pt too wide) in paragraph at lines 265--265
[]|\OT1/cmr/m/n/9 Method| 
 []


Underfull \hbox (badness 10000) in paragraph at lines 265--265
[]|\OT1/cmr/m/n/9 Number
 []


Underfull \hbox (badness 3942) in paragraph at lines 265--265
\OT1/cmr/m/n/9 of Non-
 []


Overfull \hbox (1.95117pt too wide) in paragraph at lines 265--265
\OT1/cmr/m/n/9 Singleton
 []


Underfull \hbox (badness 10000) in paragraph at lines 265--265
[]|\OT1/cmr/m/n/9 Number
 []


Underfull \hbox (badness 10000) in paragraph at lines 265--265
\OT1/cmr/m/n/9 of Sin-
 []


Underfull \hbox (badness 10000) in paragraph at lines 265--265
\OT1/cmr/m/n/9 gle-ton
 []


Overfull \hbox (4.91068pt too wide) in paragraph at lines 265--265
[]|\OT1/cmr/m/n/9 Minimum
 []


Underfull \hbox (badness 10000) in paragraph at lines 265--265
\OT1/cmr/m/n/9 Clus-ter
 []


Underfull \hbox (badness 10000) in paragraph at lines 265--265
[]|\OT1/cmr/m/n/9 Median
 []


Underfull \hbox (badness 10000) in paragraph at lines 265--265
\OT1/cmr/m/n/9 Clus-ter
 []


Overfull \hbox (6.70927pt too wide) in paragraph at lines 265--265
[]|\OT1/cmr/m/n/9 Maximum
 []


Underfull \hbox (badness 10000) in paragraph at lines 265--265
\OT1/cmr/m/n/9 Clus-ter
 []


Underfull \hbox (badness 10000) in paragraph at lines 265--265
[]|\OT1/cmr/m/n/9 Node
 []


Underfull \hbox (badness 10000) in paragraph at lines 265--265
\OT1/cmr/m/n/9 Cov-
 []


Underfull \hbox (badness 10000) in paragraph at lines 265--265
\OT1/cmr/m/n/9 er-age
 []


Underfull \hbox (badness 10000) in paragraph at lines 265--265
[]|\OT1/cmr/m/n/9 Edge
 []


Underfull \hbox (badness 10000) in paragraph at lines 265--265
\OT1/cmr/m/n/9 Cov-
 []


Underfull \hbox (badness 10000) in paragraph at lines 265--265
\OT1/cmr/m/n/9 er-age
 []


Underfull \hbox (badness 10000) in paragraph at lines 265--265
[]|\OT1/cmr/m/n/9 Marker
 []


Underfull \hbox (badness 10000) in paragraph at lines 265--265
\OT1/cmr/m/n/9 Node
 []


Underfull \hbox (badness 10000) in paragraph at lines 265--265
\OT1/cmr/m/n/9 Cov-
 []


Underfull \hbox (badness 10000) in paragraph at lines 265--265
\OT1/cmr/m/n/9 er-age
 []


Underfull \hbox (badness 10000) in paragraph at lines 265--266
[]|\OT1/cmr/m/n/9 Marker
 []


Underfull \hbox (badness 10000) in paragraph at lines 265--266
\OT1/cmr/m/n/9 Edge
 []


Underfull \hbox (badness 10000) in paragraph at lines 265--266
\OT1/cmr/m/n/9 Cov-
 []


Underfull \hbox (badness 10000) in paragraph at lines 265--266
\OT1/cmr/m/n/9 er-age
 []


Underfull \hbox (badness 10000) in paragraph at lines 267--267
[]|\OT1/cmr/m/n/9 IKC
 []


Overfull \hbox (1.49062pt too wide) in paragraph at lines 267--267
\OT1/cmr/m/n/9 (k=20)
 []


Underfull \hbox (badness 10000) in paragraph at lines 267--267
\OT1/cmr/m/n/9 w/
 []


Underfull \hbox (badness 10000) in paragraph at lines 267--267
\OT1/cmr/m/n/9 To-tal
 []


Underfull \hbox (badness 10000) in paragraph at lines 267--267
\OT1/cmr/m/n/9 De-
 []


Underfull \hbox (badness 10000) in paragraph at lines 267--267
\OT1/cmr/m/n/9 gree
 []


Overfull \hbox (1.43382pt too wide) in paragraph at lines 267--267
[]|\OT1/cmr/m/n/9 13603978| 
 []


Underfull \hbox (badness 10000) in paragraph at lines 269--269
[]|\OT1/cmr/m/n/9 IKC
 []


Overfull \hbox (1.49062pt too wide) in paragraph at lines 269--269
\OT1/cmr/m/n/9 (k=40)
 []


Underfull \hbox (badness 10000) in paragraph at lines 269--269
\OT1/cmr/m/n/9 w/
 []


Underfull \hbox (badness 10000) in paragraph at lines 269--269
\OT1/cmr/m/n/9 To-tal
 []


Underfull \hbox (badness 10000) in paragraph at lines 269--269
\OT1/cmr/m/n/9 De-
 []


Underfull \hbox (badness 10000) in paragraph at lines 269--269
\OT1/cmr/m/n/9 gree
 []


Overfull \hbox (1.43382pt too wide) in paragraph at lines 269--269
[]|\OT1/cmr/m/n/9 13948073| 
 []


Overfull \hbox (7.10017pt too wide) in paragraph at lines 261--274
 [][] 
 []


LaTeX Warning: `!h' float specifier changed to `!ht'.


Overfull \hbox (4.31905pt too wide) in paragraph at lines 285--285
[]|\OT1/cmr/m/n/9 Method| 
 []


Underfull \hbox (badness 10000) in paragraph at lines 285--285
[]|\OT1/cmr/m/n/9 Number
 []


Underfull \hbox (badness 3942) in paragraph at lines 285--285
\OT1/cmr/m/n/9 of Non-
 []


Overfull \hbox (1.95117pt too wide) in paragraph at lines 285--285
\OT1/cmr/m/n/9 Singleton
 []


Underfull \hbox (badness 10000) in paragraph at lines 285--285
[]|\OT1/cmr/m/n/9 Number
 []


Underfull \hbox (badness 10000) in paragraph at lines 285--285
\OT1/cmr/m/n/9 of Sin-
 []


Underfull \hbox (badness 10000) in paragraph at lines 285--285
\OT1/cmr/m/n/9 gle-ton
 []


Overfull \hbox (4.91068pt too wide) in paragraph at lines 285--285
[]|\OT1/cmr/m/n/9 Minimum
 []


Underfull \hbox (badness 10000) in paragraph at lines 285--285
\OT1/cmr/m/n/9 Clus-ter
 []


Underfull \hbox (badness 10000) in paragraph at lines 285--285
[]|\OT1/cmr/m/n/9 Median
 []


Underfull \hbox (badness 10000) in paragraph at lines 285--285
\OT1/cmr/m/n/9 Clus-ter
 []


Overfull \hbox (6.70927pt too wide) in paragraph at lines 285--285
[]|\OT1/cmr/m/n/9 Maximum
 []


Underfull \hbox (badness 10000) in paragraph at lines 285--285
\OT1/cmr/m/n/9 Clus-ter
 []


Underfull \hbox (badness 10000) in paragraph at lines 285--285
[]|\OT1/cmr/m/n/9 Node
 []


Underfull \hbox (badness 10000) in paragraph at lines 285--285
\OT1/cmr/m/n/9 Cov-
 []


Underfull \hbox (badness 10000) in paragraph at lines 285--285
\OT1/cmr/m/n/9 er-age
 []


Underfull \hbox (badness 10000) in paragraph at lines 285--285
[]|\OT1/cmr/m/n/9 Edge
 []


Underfull \hbox (badness 10000) in paragraph at lines 285--285
\OT1/cmr/m/n/9 Cov-
 []


Underfull \hbox (badness 10000) in paragraph at lines 285--285
\OT1/cmr/m/n/9 er-age
 []


Underfull \hbox (badness 10000) in paragraph at lines 285--285
[]|\OT1/cmr/m/n/9 Marker
 []


Underfull \hbox (badness 10000) in paragraph at lines 285--285
\OT1/cmr/m/n/9 Node
 []


Underfull \hbox (badness 10000) in paragraph at lines 285--285
\OT1/cmr/m/n/9 Cov-
 []


Underfull \hbox (badness 10000) in paragraph at lines 285--285
\OT1/cmr/m/n/9 er-age
 []


Underfull \hbox (badness 10000) in paragraph at lines 285--286
[]|\OT1/cmr/m/n/9 Marker
 []


Underfull \hbox (badness 10000) in paragraph at lines 285--286
\OT1/cmr/m/n/9 Edge
 []


Underfull \hbox (badness 10000) in paragraph at lines 285--286
\OT1/cmr/m/n/9 Cov-
 []


Underfull \hbox (badness 10000) in paragraph at lines 285--286
\OT1/cmr/m/n/9 er-age
 []


Underfull \hbox (badness 10000) in paragraph at lines 287--287
[]|\OT1/cmr/m/n/9 IKC
 []


Overfull \hbox (1.49062pt too wide) in paragraph at lines 287--287
\OT1/cmr/m/n/9 (k=20)
 []


Underfull \hbox (badness 10000) in paragraph at lines 287--287
\OT1/cmr/m/n/9 w/
 []


Underfull \hbox (badness 10000) in paragraph at lines 287--287
\OT1/cmr/m/n/9 Ran-
 []


Overfull \hbox (1.43382pt too wide) in paragraph at lines 287--287
[]|\OT1/cmr/m/n/9 13711657| 
 []


Underfull \hbox (badness 10000) in paragraph at lines 289--289
[]|\OT1/cmr/m/n/9 IKC
 []


Overfull \hbox (1.49062pt too wide) in paragraph at lines 289--289
\OT1/cmr/m/n/9 (k=40)
 []


Underfull \hbox (badness 10000) in paragraph at lines 289--289
\OT1/cmr/m/n/9 w/
 []


Underfull \hbox (badness 10000) in paragraph at lines 289--289
\OT1/cmr/m/n/9 Ran-
 []


Overfull \hbox (1.43382pt too wide) in paragraph at lines 289--289
[]|\OT1/cmr/m/n/9 13952652| 
 []


Overfull \hbox (7.10017pt too wide) in paragraph at lines 281--293
 [][] 
 []


LaTeX Warning: `!h' float specifier changed to `!ht'.


Overfull \hbox (4.31905pt too wide) in paragraph at lines 304--304
[]|\OT1/cmr/m/n/9 Method| 
 []


Underfull \hbox (badness 10000) in paragraph at lines 304--304
[]|\OT1/cmr/m/n/9 Number
 []


Underfull \hbox (badness 3942) in paragraph at lines 304--304
\OT1/cmr/m/n/9 of Non-
 []


Overfull \hbox (1.95117pt too wide) in paragraph at lines 304--304
\OT1/cmr/m/n/9 Singleton
 []


Underfull \hbox (badness 10000) in paragraph at lines 304--304
[]|\OT1/cmr/m/n/9 Number
 []


Underfull \hbox (badness 10000) in paragraph at lines 304--304
\OT1/cmr/m/n/9 of Sin-
 []


Underfull \hbox (badness 10000) in paragraph at lines 304--304
\OT1/cmr/m/n/9 gle-ton
 []


Overfull \hbox (4.91068pt too wide) in paragraph at lines 304--304
[]|\OT1/cmr/m/n/9 Minimum
 []


Underfull \hbox (badness 10000) in paragraph at lines 304--304
\OT1/cmr/m/n/9 Clus-ter
 []


Underfull \hbox (badness 10000) in paragraph at lines 304--304
[]|\OT1/cmr/m/n/9 Median
 []


Underfull \hbox (badness 10000) in paragraph at lines 304--304
\OT1/cmr/m/n/9 Clus-ter
 []


Overfull \hbox (6.70927pt too wide) in paragraph at lines 304--304
[]|\OT1/cmr/m/n/9 Maximum
 []


Underfull \hbox (badness 10000) in paragraph at lines 304--304
\OT1/cmr/m/n/9 Clus-ter
 []


Underfull \hbox (badness 10000) in paragraph at lines 304--304
[]|\OT1/cmr/m/n/9 Node
 []


Underfull \hbox (badness 10000) in paragraph at lines 304--304
\OT1/cmr/m/n/9 Cov-
 []


Underfull \hbox (badness 10000) in paragraph at lines 304--304
\OT1/cmr/m/n/9 er-age
 []


Underfull \hbox (badness 10000) in paragraph at lines 304--304
[]|\OT1/cmr/m/n/9 Edge
 []


Underfull \hbox (badness 10000) in paragraph at lines 304--304
\OT1/cmr/m/n/9 Cov-
 []


Underfull \hbox (badness 10000) in paragraph at lines 304--304
\OT1/cmr/m/n/9 er-age
 []


Underfull \hbox (badness 10000) in paragraph at lines 304--304
[]|\OT1/cmr/m/n/9 Marker
 []


Underfull \hbox (badness 10000) in paragraph at lines 304--304
\OT1/cmr/m/n/9 Node
 []


Underfull \hbox (badness 10000) in paragraph at lines 304--304
\OT1/cmr/m/n/9 Cov-
 []


Underfull \hbox (badness 10000) in paragraph at lines 304--304
\OT1/cmr/m/n/9 er-age
 []


Underfull \hbox (badness 10000) in paragraph at lines 304--305
[]|\OT1/cmr/m/n/9 Marker
 []


Underfull \hbox (badness 10000) in paragraph at lines 304--305
\OT1/cmr/m/n/9 Edge
 []


Underfull \hbox (badness 10000) in paragraph at lines 304--305
\OT1/cmr/m/n/9 Cov-
 []


Underfull \hbox (badness 10000) in paragraph at lines 304--305
\OT1/cmr/m/n/9 er-age
 []


Underfull \hbox (badness 10000) in paragraph at lines 306--306
[]|\OT1/cmr/m/n/9 IKC
 []


Overfull \hbox (1.49062pt too wide) in paragraph at lines 306--306
\OT1/cmr/m/n/9 (k=20)
 []


Underfull \hbox (badness 10000) in paragraph at lines 306--306
\OT1/cmr/m/n/9 w/
 []


Underfull \hbox (badness 10000) in paragraph at lines 306--306
\OT1/cmr/m/n/9 To-tal
 []


Underfull \hbox (badness 10000) in paragraph at lines 306--306
\OT1/cmr/m/n/9 De-
 []


Underfull \hbox (badness 10000) in paragraph at lines 306--306
\OT1/cmr/m/n/9 gree
 []


Underfull \hbox (badness 10000) in paragraph at lines 306--306
\OT1/cmr/m/n/9 95
 []


Underfull \hbox (badness 10000) in paragraph at lines 306--306
\OT1/cmr/m/n/9 Per-
 []


Overfull \hbox (1.43382pt too wide) in paragraph at lines 306--306
[]|\OT1/cmr/m/n/9 13684128| 
 []


Underfull \hbox (badness 10000) in paragraph at lines 308--308
[]|\OT1/cmr/m/n/9 IKC
 []


Overfull \hbox (1.49062pt too wide) in paragraph at lines 308--308
\OT1/cmr/m/n/9 (k=40)
 []


Underfull \hbox (badness 10000) in paragraph at lines 308--308
\OT1/cmr/m/n/9 w/
 []


Underfull \hbox (badness 10000) in paragraph at lines 308--308
\OT1/cmr/m/n/9 To-tal
 []


Underfull \hbox (badness 10000) in paragraph at lines 308--308
\OT1/cmr/m/n/9 De-
 []


Underfull \hbox (badness 10000) in paragraph at lines 308--308
\OT1/cmr/m/n/9 gree
 []


Underfull \hbox (badness 10000) in paragraph at lines 308--308
\OT1/cmr/m/n/9 95
 []


Underfull \hbox (badness 10000) in paragraph at lines 308--308
\OT1/cmr/m/n/9 Per-
 []


Overfull \hbox (1.43382pt too wide) in paragraph at lines 308--308
[]|\OT1/cmr/m/n/9 13952552| 
 []


Underfull \hbox (badness 10000) in paragraph at lines 310--310
[]|\OT1/cmr/m/n/9 IKC
 []


Overfull \hbox (1.49062pt too wide) in paragraph at lines 310--310
\OT1/cmr/m/n/9 (k=20)
 []


Underfull \hbox (badness 10000) in paragraph at lines 310--310
\OT1/cmr/m/n/9 w/
 []


Underfull \hbox (badness 10000) in paragraph at lines 310--310
\OT1/cmr/m/n/9 Step
 []


Underfull \hbox (badness 10000) in paragraph at lines 310--310
\OT1/cmr/m/n/9 5 In-
 []


Underfull \hbox (badness 10000) in paragraph at lines 310--310
\OT1/cmr/m/n/9 de-gree
 []


Underfull \hbox (badness 10000) in paragraph at lines 310--310
\OT1/cmr/m/n/9 95
 []


Underfull \hbox (badness 10000) in paragraph at lines 310--310
\OT1/cmr/m/n/9 Per-
 []


Overfull \hbox (1.43382pt too wide) in paragraph at lines 310--310
[]|\OT1/cmr/m/n/9 13700075| 
 []


Underfull \hbox (badness 10000) in paragraph at lines 312--312
[]|\OT1/cmr/m/n/9 IKC
 []


Overfull \hbox (1.49062pt too wide) in paragraph at lines 312--312
\OT1/cmr/m/n/9 (k=40)
 []


Underfull \hbox (badness 10000) in paragraph at lines 312--312
\OT1/cmr/m/n/9 w/
 []


Underfull \hbox (badness 10000) in paragraph at lines 312--312
\OT1/cmr/m/n/9 Step
 []


Underfull \hbox (badness 10000) in paragraph at lines 312--312
\OT1/cmr/m/n/9 5 In-
 []


Underfull \hbox (badness 10000) in paragraph at lines 312--312
\OT1/cmr/m/n/9 de-gree
 []


Underfull \hbox (badness 10000) in paragraph at lines 312--312
\OT1/cmr/m/n/9 95
 []


Underfull \hbox (badness 10000) in paragraph at lines 312--312
\OT1/cmr/m/n/9 Per-
 []


Overfull \hbox (1.43382pt too wide) in paragraph at lines 312--312
[]|\OT1/cmr/m/n/9 13952523| 
 []


Overfull \hbox (7.10017pt too wide) in paragraph at lines 300--316
 [][] 
 []


LaTeX Warning: `!h' float specifier changed to `!ht'.


Overfull \hbox (4.31905pt too wide) in paragraph at lines 327--327
[]|\OT1/cmr/m/n/9 Method| 
 []


Underfull \hbox (badness 10000) in paragraph at lines 327--327
[]|\OT1/cmr/m/n/9 Number
 []


Underfull \hbox (badness 3942) in paragraph at lines 327--327
\OT1/cmr/m/n/9 of Non-
 []


Overfull \hbox (1.95117pt too wide) in paragraph at lines 327--327
\OT1/cmr/m/n/9 Singleton
 []


Underfull \hbox (badness 10000) in paragraph at lines 327--327
[]|\OT1/cmr/m/n/9 Number
 []


Underfull \hbox (badness 10000) in paragraph at lines 327--327
\OT1/cmr/m/n/9 of Sin-
 []


Underfull \hbox (badness 10000) in paragraph at lines 327--327
\OT1/cmr/m/n/9 gle-ton
 []


Overfull \hbox (4.91068pt too wide) in paragraph at lines 327--327
[]|\OT1/cmr/m/n/9 Minimum
 []


Underfull \hbox (badness 10000) in paragraph at lines 327--327
\OT1/cmr/m/n/9 Clus-ter
 []


Underfull \hbox (badness 10000) in paragraph at lines 327--327
[]|\OT1/cmr/m/n/9 Median
 []


Underfull \hbox (badness 10000) in paragraph at lines 327--327
\OT1/cmr/m/n/9 Clus-ter
 []


Overfull \hbox (6.70927pt too wide) in paragraph at lines 327--327
[]|\OT1/cmr/m/n/9 Maximum
 []


Underfull \hbox (badness 10000) in paragraph at lines 327--327
\OT1/cmr/m/n/9 Clus-ter
 []


Underfull \hbox (badness 10000) in paragraph at lines 327--327
[]|\OT1/cmr/m/n/9 Node
 []


Underfull \hbox (badness 10000) in paragraph at lines 327--327
\OT1/cmr/m/n/9 Cov-
 []


Underfull \hbox (badness 10000) in paragraph at lines 327--327
\OT1/cmr/m/n/9 er-age
 []


Underfull \hbox (badness 10000) in paragraph at lines 327--327
[]|\OT1/cmr/m/n/9 Edge
 []


Underfull \hbox (badness 10000) in paragraph at lines 327--327
\OT1/cmr/m/n/9 Cov-
 []


Underfull \hbox (badness 10000) in paragraph at lines 327--327
\OT1/cmr/m/n/9 er-age
 []


Underfull \hbox (badness 10000) in paragraph at lines 327--327
[]|\OT1/cmr/m/n/9 Marker
 []


Underfull \hbox (badness 10000) in paragraph at lines 327--327
\OT1/cmr/m/n/9 Node
 []


Underfull \hbox (badness 10000) in paragraph at lines 327--327
\OT1/cmr/m/n/9 Cov-
 []


Underfull \hbox (badness 10000) in paragraph at lines 327--327
\OT1/cmr/m/n/9 er-age
 []


Underfull \hbox (badness 10000) in paragraph at lines 327--328
[]|\OT1/cmr/m/n/9 Marker
 []


Underfull \hbox (badness 10000) in paragraph at lines 327--328
\OT1/cmr/m/n/9 Edge
 []


Underfull \hbox (badness 10000) in paragraph at lines 327--328
\OT1/cmr/m/n/9 Cov-
 []


Underfull \hbox (badness 10000) in paragraph at lines 327--328
\OT1/cmr/m/n/9 er-age
 []


Underfull \hbox (badness 10000) in paragraph at lines 329--329
[]|\OT1/cmr/m/n/9 IKC
 []


Overfull \hbox (1.49062pt too wide) in paragraph at lines 329--329
\OT1/cmr/m/n/9 (k=20)
 []


Underfull \hbox (badness 10000) in paragraph at lines 329--329
\OT1/cmr/m/n/9 w/
 []


Overfull \hbox (1.43382pt too wide) in paragraph at lines 329--329
[]|\OT1/cmr/m/n/9 13526555| 
 []


Underfull \hbox (badness 10000) in paragraph at lines 331--331
[]|\OT1/cmr/m/n/9 IKC
 []


Overfull \hbox (1.49062pt too wide) in paragraph at lines 331--331
\OT1/cmr/m/n/9 (k=40)
 []


Underfull \hbox (badness 10000) in paragraph at lines 331--331
\OT1/cmr/m/n/9 w/
 []


Overfull \hbox (1.43382pt too wide) in paragraph at lines 331--331
[]|\OT1/cmr/m/n/9 13948032| 
 []


Overfull \hbox (7.10017pt too wide) in paragraph at lines 323--335
 [][] 
 []


LaTeX Warning: `!h' float specifier changed to `!ht'.

[4]
Underfull \hbox (badness 10000) in paragraph at lines 357--358

 []


Underfull \hbox (badness 10000) in paragraph at lines 357--358

 []

[5]
Underfull \hbox (badness 10000) in paragraph at lines 359--360

 []


Underfull \hbox (badness 10000) in paragraph at lines 359--360

 []

[6] [7] [8]
Overfull \hbox (5.85895pt too wide) in paragraph at lines 380--380
[]\OT1/cmr/bx/n/12 Comparison be-tween Over-lap-ping kmp- and Dis-joint kmp-clu
stering 
 []

(./akhil.bbl) [9] (./akhil.aux) ) 
Here is how much of TeX's memory you used:
 1902 strings out of 492616
 24918 string characters out of 6129482
 158586 words of memory out of 5000000
 5834 multiletter control sequences out of 15000+600000
 9460 words of font info for 33 fonts, out of 8000000 for 9000
 1141 hyphenation exceptions out of 8191
 29i,12n,35p,1417b,279s stack positions out of 5000i,500n,10000p,200000b,80000s
</usr/local/texlive/2019/texmf-dist/fonts/type
1/public/amsfonts/cm/cmbx10.pfb></usr/local/texlive/2019/texmf-dist/fonts/type1
/public/amsfonts/cm/cmbx12.pfb></usr/local/texlive/2019/texmf-dist/fonts/type1/
public/amsfonts/cm/cmbx9.pfb></usr/local/texlive/2019/texmf-dist/fonts/type1/pu
blic/amsfonts/cm/cmmi10.pfb></usr/local/texlive/2019/texmf-dist/fonts/type1/pub
lic/amsfonts/cm/cmmi9.pfb></usr/local/texlive/2019/texmf-dist/fonts/type1/publi
c/amsfonts/cm/cmr10.pfb></usr/local/texlive/2019/texmf-dist/fonts/type1/public/
amsfonts/cm/cmr12.pfb></usr/local/texlive/2019/texmf-dist/fonts/type1/public/am
sfonts/cm/cmr17.pfb></usr/local/texlive/2019/texmf-dist/fonts/type1/public/amsf
onts/cm/cmr6.pfb></usr/local/texlive/2019/texmf-dist/fonts/type1/public/amsfont
s/cm/cmr8.pfb></usr/local/texlive/2019/texmf-dist/fonts/type1/public/amsfonts/c
m/cmr9.pfb></usr/local/texlive/2019/texmf-dist/fonts/type1/public/amsfonts/cm/c
msy9.pfb></usr/local/texlive/2019/texmf-dist/fonts/type1/public/amsfonts/cm/cmt
i9.pfb>
Output written on akhil.pdf (9 pages, 197121 bytes).
PDF statistics:
 86 PDF objects out of 1000 (max. 8388607)
 61 compressed objects within 1 object stream
 0 named destinations out of 1000 (max. 500000)
 1 words of extra memory for PDF output out of 10000 (max. 10000000)

